<?xml version="1.0" encoding="UTF-8"?><testsuite errors="1" failures="0" name="Búsqueda en Airbnb" skipped="0" tests="1" time="23.26" timestamp="2022-12-16 12:11:00"><testcase name="Búsqueda simple de hospedaje"><error message="Timed out after 2 seconds. Element not found&#10;For documentation on this error, please visit: https://www.seleniumhq.org/exceptions/no_such_element.html&#10;Build info: version: '3.141.59', revision: 'e82be7d358', time: '2018-11-14T08:17:03'&#10;System info: host: 'LIM-HW3NP73', ip: '192.168.100.70', os.name: 'Windows 10', os.arch: 'amd64', os.version: '10.0', java.version: '1.8.0_351'&#10;Driver info: driver.version: unknown&#10;For documentation on this error, please visit: https://www.seleniumhq.org/exceptions/no_such_element.html&#10;Build info: version: '3.141.59', revision: 'e82be7d358', time: '2018-11-14T08:17:03'&#10;System info: host: 'LIM-HW3NP73', ip: '192.168.100.70', os.name: 'Windows 10', os.arch: 'amd64', os.version: '10.0', java.version: '1.8.0_351'&#10;Driver info: driver.version: unknown" type="org.openqa.selenium.NoSuchElementException">Timed out after 2 seconds. Element not found
For documentation on this error, please visit: https://www.seleniumhq.org/exceptions/no_such_element.html
Build info: version: '3.141.59', revision: 'e82be7d358', time: '2018-11-14T08:17:03'
System info: host: 'LIM-HW3NP73', ip: '192.168.100.70', os.name: 'Windows 10', os.arch: 'amd64', os.version: '10.0', java.version: '1.8.0_351'
Driver info: driver.version: unknown
For documentation on this error, please visit: https://www.seleniumhq.org/exceptions/no_such_element.html
Build info: version: '3.141.59', revision: 'e82be7d358', time: '2018-11-14T08:17:03'
System info: host: 'LIM-HW3NP73', ip: '192.168.100.70', os.name: 'Windows 10', os.arch: 'amd64', os.version: '10.0', java.version: '1.8.0_351'
Driver info: driver.version: unknown</error><system-err>Timed out after 2 seconds. Element not found
For documentation on this error, please visit: https://www.seleniumhq.org/exceptions/no_such_element.html
Build info: version: '3.141.59', revision: 'e82be7d358', time: '2018-11-14T08:17:03'
System info: host: 'LIM-HW3NP73', ip: '192.168.100.70', os.name: 'Windows 10', os.arch: 'amd64', os.version: '10.0', java.version: '1.8.0_351'
Driver info: driver.version: unknown
For documentation on this error, please visit: https://www.seleniumhq.org/exceptions/no_such_element.html
Build info: version: '3.141.59', revision: 'e82be7d358', time: '2018-11-14T08:17:03'
System info: host: 'LIM-HW3NP73', ip: '192.168.100.70', os.name: 'Windows 10', os.arch: 'amd64', os.version: '10.0', java.version: '1.8.0_351'
Driver info: driver.version: unknown&#13;
com.nttdata.screens.LoginScreen.clickClose(LoginScreen.java:17)&#13;
com.nttdata.steps.AirbnbSearchSteps.clickClose(AirbnbSearchSteps.java:16)&#13;
com.nttdata.stepsdefinitions.AirbnbSearchStepsDefs.que_me_enuentro_en_el_login_de_airbnb(AirbnbSearchStepsDefs.java:20)&#13;
✽.que me enuentro en el login de Airbnb(file:///C:/Users/jcurizav/Downloads/qa-lab-mobile-automation/qa-lab-mobile-automation/src/test/resources/features/airbn_search.feature:6)&#13;
</system-err></testcase></testsuite>